

Processing ApplicationController#index (for 127.0.0.1 at 2010-03-24 22:52:19) [GET]

ActionController::RoutingError (No route matches "/public/style.css" with {:method=>:get}):
  <internal:prelude>:8:in `synchronize'
  /usr/local/lib/ruby/1.9.1/webrick/httpserver.rb:111:in `service'
  /usr/local/lib/ruby/1.9.1/webrick/httpserver.rb:70:in `run'
  /usr/local/lib/ruby/1.9.1/webrick/server.rb:183:in `block in start_thread'

Rendering rescues/layout (not_found)


Processing ApplicationController#index (for 127.0.0.1 at 2010-03-24 22:52:34) [GET]

ActionController::RoutingError (No route matches "/style.css" with {:method=>:get}):
  <internal:prelude>:8:in `synchronize'
  /usr/local/lib/ruby/1.9.1/webrick/httpserver.rb:111:in `service'
  /usr/local/lib/ruby/1.9.1/webrick/httpserver.rb:70:in `run'
  /usr/local/lib/ruby/1.9.1/webrick/server.rb:183:in `block in start_thread'

Rendering rescues/layout (not_found)


Processing ApplicationController#index (for 127.0.0.1 at 2010-03-24 22:52:37) [GET]

ActionController::RoutingError (No route matches "/style.css" with {:method=>:get}):
  <internal:prelude>:8:in `synchronize'
  /usr/local/lib/ruby/1.9.1/webrick/httpserver.rb:111:in `service'
  /usr/local/lib/ruby/1.9.1/webrick/httpserver.rb:70:in `run'
  /usr/local/lib/ruby/1.9.1/webrick/server.rb:183:in `block in start_thread'

Rendering rescues/layout (not_found)


Processing ApplicationController#index (for 127.0.0.1 at 2010-03-24 22:52:54) [GET]

ActionController::RoutingError (No route matches "/public/style.css" with {:method=>:get}):
  <internal:prelude>:8:in `synchronize'
  /usr/local/lib/ruby/1.9.1/webrick/httpserver.rb:111:in `service'
  /usr/local/lib/ruby/1.9.1/webrick/httpserver.rb:70:in `run'
  /usr/local/lib/ruby/1.9.1/webrick/server.rb:183:in `block in start_thread'

Rendering rescues/layout (not_found)


Processing ApplicationController#index (for 127.0.0.1 at 2010-03-24 22:52:56) [GET]

ActionController::RoutingError (No route matches "/public/style.css" with {:method=>:get}):
  <internal:prelude>:8:in `synchronize'
  /usr/local/lib/ruby/1.9.1/webrick/httpserver.rb:111:in `service'
  /usr/local/lib/ruby/1.9.1/webrick/httpserver.rb:70:in `run'
  /usr/local/lib/ruby/1.9.1/webrick/server.rb:183:in `block in start_thread'

Rendering rescues/layout (not_found)


Processing ApplicationController#index (for 127.0.0.1 at 2010-03-24 22:52:59) [GET]

ActionController::RoutingError (No route matches "/public/style.css" with {:method=>:get}):
  <internal:prelude>:8:in `synchronize'
  /usr/local/lib/ruby/1.9.1/webrick/httpserver.rb:111:in `service'
  /usr/local/lib/ruby/1.9.1/webrick/httpserver.rb:70:in `run'
  /usr/local/lib/ruby/1.9.1/webrick/server.rb:183:in `block in start_thread'

Rendering rescues/layout (not_found)


Processing ApplicationController#index (for 127.0.0.1 at 2010-03-24 22:53:16) [GET]

ActionController::RoutingError (No route matches "/public/stylesheets/style.css" with {:method=>:get}):
  <internal:prelude>:8:in `synchronize'
  /usr/local/lib/ruby/1.9.1/webrick/httpserver.rb:111:in `service'
  /usr/local/lib/ruby/1.9.1/webrick/httpserver.rb:70:in `run'
  /usr/local/lib/ruby/1.9.1/webrick/server.rb:183:in `block in start_thread'

Rendering rescues/layout (not_found)


Processing ApplicationController#index (for 127.0.0.1 at 2010-03-24 22:53:17) [GET]

ActionController::RoutingError (No route matches "/public/stylesheets/style.css" with {:method=>:get}):
  <internal:prelude>:8:in `synchronize'
  /usr/local/lib/ruby/1.9.1/webrick/httpserver.rb:111:in `service'
  /usr/local/lib/ruby/1.9.1/webrick/httpserver.rb:70:in `run'
  /usr/local/lib/ruby/1.9.1/webrick/server.rb:183:in `block in start_thread'

Rendering rescues/layout (not_found)


Processing ApplicationController#index (for 127.0.0.1 at 2010-03-24 22:53:39) [GET]

ActionController::RoutingError (No route matches "/public/stylesheets/style.css" with {:method=>:get}):
  <internal:prelude>:8:in `synchronize'
  /usr/local/lib/ruby/1.9.1/webrick/httpserver.rb:111:in `service'
  /usr/local/lib/ruby/1.9.1/webrick/httpserver.rb:70:in `run'
  /usr/local/lib/ruby/1.9.1/webrick/server.rb:183:in `block in start_thread'

Rendering rescues/layout (not_found)


Processing ApplicationController#index (for 127.0.0.1 at 2010-03-24 22:53:51) [GET]

ActionController::RoutingError (No route matches "/public/stylesheets/style.css" with {:method=>:get}):
  <internal:prelude>:8:in `synchronize'
  /usr/local/lib/ruby/1.9.1/webrick/httpserver.rb:111:in `service'
  /usr/local/lib/ruby/1.9.1/webrick/httpserver.rb:70:in `run'
  /usr/local/lib/ruby/1.9.1/webrick/server.rb:183:in `block in start_thread'

Rendering rescues/layout (not_found)
